<?xml version="1.0" encoding="UTF-8"?>
<!-- Generated by org.testng.reporters.JUnitReportReporter -->
<testsuite hostname="DESKTOP-D9RBH2D" failures="0" tests="1" name="testCases.TC_002_LoginTest" time="1.228" errors="0" timestamp="2023-06-03T11:11:44 EDT" skipped="0">
  <testcase classname="testCases.TC_002_LoginTest" name="test_Login" time="1.228"/>
</testsuite> <!-- testCases.TC_002_LoginTest -->
