<?xml version="1.0" encoding="UTF-8"?>
<!-- Generated by org.testng.reporters.JUnitReportReporter -->
<testsuite hostname="DESKTOP-D9RBH2D" failures="0" tests="1" name="testCases.TC_001_AccountRegistrationTest" time="4.099" errors="0" timestamp="2023-06-03T11:11:44 EDT" skipped="0">
  <testcase classname="testCases.TC_001_AccountRegistrationTest" name="text_account_Registration" time="4.099"/>
</testsuite> <!-- testCases.TC_001_AccountRegistrationTest -->
